{"/converter/custom_modules/pdf2images-multiple/index.js":{"path":"/converter/custom_modules/pdf2images-multiple/index.js","s":{"1":1,"2":1,"3":1,"4":11,"5":11,"6":26,"7":26,"8":11,"9":1,"10":5,"11":5,"12":5,"13":5,"14":5,"15":5,"16":5,"17":5,"18":5,"19":5,"20":5,"21":5,"22":5,"23":5,"24":5,"25":5,"26":27,"27":27,"28":27,"29":26,"30":26,"31":27,"32":1,"33":27,"34":5,"35":13,"36":13,"37":1,"38":12,"39":12,"40":12,"41":28,"42":2,"43":2,"44":26,"45":26,"46":10,"47":12,"48":12,"49":28,"50":28,"51":28,"52":1,"53":1,"54":27,"55":5,"56":2,"57":5,"58":12,"59":12,"60":1,"61":11,"62":11,"63":11,"64":11,"65":11,"66":11,"67":11,"68":11,"69":13,"70":13,"71":13,"72":1,"73":12,"74":4,"75":11,"76":26,"77":0,"78":26,"79":26,"80":26,"81":26,"82":8,"83":26,"84":12,"85":5,"86":5,"87":5,"88":5,"89":5,"90":8,"91":2,"92":6,"93":6,"94":1,"95":5,"96":1,"97":4,"98":6,"99":5,"100":77,"101":58,"102":58,"103":19,"104":19,"105":12,"106":12,"107":7,"108":4,"109":4,"110":7,"111":3,"112":3,"113":7,"114":5,"115":1,"116":5,"117":6,"118":5,"119":1,"120":5,"121":6,"122":5,"123":26,"124":5,"125":26,"126":26,"127":5,"128":11,"129":11,"130":26,"131":26,"132":5,"133":27,"134":1,"135":26,"136":26,"137":26,"138":26,"139":26,"140":26,"141":26,"142":26,"143":26,"144":146,"145":146,"146":146,"147":120,"148":26,"149":5,"150":52,"151":52,"152":52,"153":5,"154":5,"155":1},"b":{"1":[1,12],"2":[2,26],"3":[10,16],"4":[26,18],"5":[39,39],"6":[1,27],"7":[1,11],"8":[10,1],"9":[11,10],"10":[1,12],"11":[4,8],"12":[0,26],"13":[8,18],"14":[5,5],"15":[5,5],"16":[5,5],"17":[2,6],"18":[1,1],"19":[1,5],"20":[6,2],"21":[1,4],"22":[58,19],"23":[12,7],"24":[1,26],"25":[27,27],"26":[120,26],"27":[52,0]},"f":{"1":11,"2":5,"3":5,"4":27,"5":13,"6":2,"7":12,"8":5,"9":8,"10":77,"11":1,"12":6,"13":1,"14":6,"15":26,"16":26,"17":11,"18":27,"19":52},"fnMap":{"1":{"name":"range","line":4,"loc":{"start":{"line":4,"column":0},"end":{"line":4,"column":36}}},"2":{"name":"PDF2Images","line":17,"loc":{"start":{"line":17,"column":0},"end":{"line":17,"column":45}}},"3":{"name":"(anonymous_3)","line":23,"loc":{"start":{"line":23,"column":24},"end":{"line":23,"column":36}}},"4":{"name":"(anonymous_4)","line":43,"loc":{"start":{"line":43,"column":25},"end":{"line":43,"column":51}}},"5":{"name":"(anonymous_5)","line":60,"loc":{"start":{"line":60,"column":26},"end":{"line":60,"column":66}}},"6":{"name":"(anonymous_6)","line":95,"loc":{"start":{"line":95,"column":20},"end":{"line":95,"column":49}}},"7":{"name":"(anonymous_7)","line":99,"loc":{"start":{"line":99,"column":27},"end":{"line":99,"column":69}}},"8":{"name":"(anonymous_8)","line":144,"loc":{"start":{"line":144,"column":25},"end":{"line":144,"column":37}}},"9":{"name":"(anonymous_9)","line":155,"loc":{"start":{"line":155,"column":28},"end":{"line":155,"column":42}}},"10":{"name":"(anonymous_10)","line":170,"loc":{"start":{"line":170,"column":28},"end":{"line":170,"column":42}}},"11":{"name":"(anonymous_11)","line":192,"loc":{"start":{"line":192,"column":30},"end":{"line":192,"column":42}}},"12":{"name":"(anonymous_12)","line":196,"loc":{"start":{"line":196,"column":26},"end":{"line":196,"column":38}}},"13":{"name":"(anonymous_13)","line":200,"loc":{"start":{"line":200,"column":24},"end":{"line":200,"column":36}}},"14":{"name":"(anonymous_14)","line":204,"loc":{"start":{"line":204,"column":31},"end":{"line":204,"column":43}}},"15":{"name":"(anonymous_15)","line":208,"loc":{"start":{"line":208,"column":21},"end":{"line":208,"column":37}}},"16":{"name":"(anonymous_16)","line":212,"loc":{"start":{"line":212,"column":34},"end":{"line":212,"column":56}}},"17":{"name":"(anonymous_17)","line":218,"loc":{"start":{"line":218,"column":30},"end":{"line":218,"column":47}}},"18":{"name":"(anonymous_18)","line":228,"loc":{"start":{"line":228,"column":33},"end":{"line":228,"column":50}}},"19":{"name":"(anonymous_19)","line":255,"loc":{"start":{"line":255,"column":27},"end":{"line":255,"column":49}}}},"statementMap":{"1":{"start":{"line":1,"column":0},"end":{"line":1,"column":44}},"2":{"start":{"line":2,"column":0},"end":{"line":2,"column":27}},"3":{"start":{"line":4,"column":0},"end":{"line":15,"column":1}},"4":{"start":{"line":5,"column":1},"end":{"line":6,"column":18}},"5":{"start":{"line":8,"column":1},"end":{"line":12,"column":2}},"6":{"start":{"line":9,"column":2},"end":{"line":9,"column":13}},"7":{"start":{"line":11,"column":2},"end":{"line":11,"column":5}},"8":{"start":{"line":14,"column":1},"end":{"line":14,"column":11}},"9":{"start":{"line":17,"column":0},"end":{"line":267,"column":1}},"10":{"start":{"line":19,"column":1},"end":{"line":19,"column":14}},"11":{"start":{"line":20,"column":1},"end":{"line":20,"column":14}},"12":{"start":{"line":21,"column":1},"end":{"line":21,"column":14}},"13":{"start":{"line":23,"column":1},"end":{"line":41,"column":2}},"14":{"start":{"line":24,"column":2},"end":{"line":24,"column":21}},"15":{"start":{"line":25,"column":2},"end":{"line":25,"column":28}},"16":{"start":{"line":27,"column":2},"end":{"line":27,"column":33}},"17":{"start":{"line":29,"column":2},"end":{"line":29,"column":36}},"18":{"start":{"line":30,"column":2},"end":{"line":30,"column":24}},"19":{"start":{"line":32,"column":2},"end":{"line":32,"column":30}},"20":{"start":{"line":34,"column":2},"end":{"line":34,"column":60}},"21":{"start":{"line":35,"column":2},"end":{"line":35,"column":59}},"22":{"start":{"line":36,"column":2},"end":{"line":36,"column":53}},"23":{"start":{"line":38,"column":2},"end":{"line":38,"column":25}},"24":{"start":{"line":40,"column":2},"end":{"line":40,"column":28}},"25":{"start":{"line":43,"column":1},"end":{"line":58,"column":2}},"26":{"start":{"line":44,"column":2},"end":{"line":44,"column":32}},"27":{"start":{"line":45,"column":2},"end":{"line":45,"column":26}},"28":{"start":{"line":47,"column":2},"end":{"line":51,"column":3}},"29":{"start":{"line":48,"column":3},"end":{"line":48,"column":32}},"30":{"start":{"line":50,"column":3},"end":{"line":50,"column":29}},"31":{"start":{"line":53,"column":2},"end":{"line":55,"column":3}},"32":{"start":{"line":54,"column":3},"end":{"line":54,"column":16}},"33":{"start":{"line":57,"column":2},"end":{"line":57,"column":53}},"34":{"start":{"line":60,"column":1},"end":{"line":93,"column":2}},"35":{"start":{"line":61,"column":2},"end":{"line":61,"column":31}},"36":{"start":{"line":63,"column":2},"end":{"line":63,"column":66}},"37":{"start":{"line":63,"column":18},"end":{"line":63,"column":66}},"38":{"start":{"line":65,"column":2},"end":{"line":65,"column":51}},"39":{"start":{"line":66,"column":2},"end":{"line":66,"column":18}},"40":{"start":{"line":67,"column":2},"end":{"line":78,"column":4}},"41":{"start":{"line":68,"column":4},"end":{"line":71,"column":5}},"42":{"start":{"line":69,"column":5},"end":{"line":69,"column":16}},"43":{"start":{"line":70,"column":5},"end":{"line":70,"column":24}},"44":{"start":{"line":73,"column":4},"end":{"line":73,"column":29}},"45":{"start":{"line":75,"column":4},"end":{"line":77,"column":5}},"46":{"start":{"line":76,"column":5},"end":{"line":76,"column":35}},"47":{"start":{"line":80,"column":3},"end":{"line":80,"column":10}},"48":{"start":{"line":82,"column":2},"end":{"line":92,"column":3}},"49":{"start":{"line":83,"column":3},"end":{"line":83,"column":11}},"50":{"start":{"line":84,"column":3},"end":{"line":84,"column":26}},"51":{"start":{"line":86,"column":3},"end":{"line":89,"column":4}},"52":{"start":{"line":87,"column":4},"end":{"line":87,"column":15}},"53":{"start":{"line":88,"column":4},"end":{"line":88,"column":81}},"54":{"start":{"line":91,"column":3},"end":{"line":91,"column":39}},"55":{"start":{"line":95,"column":1},"end":{"line":97,"column":2}},"56":{"start":{"line":96,"column":2},"end":{"line":96,"column":44}},"57":{"start":{"line":99,"column":1},"end":{"line":142,"column":2}},"58":{"start":{"line":100,"column":2},"end":{"line":139,"column":3}},"59":{"start":{"line":101,"column":3},"end":{"line":103,"column":4}},"60":{"start":{"line":102,"column":4},"end":{"line":102,"column":24}},"61":{"start":{"line":105,"column":3},"end":{"line":105,"column":63}},"62":{"start":{"line":107,"column":3},"end":{"line":107,"column":32}},"63":{"start":{"line":108,"column":3},"end":{"line":108,"column":50}},"64":{"start":{"line":110,"column":3},"end":{"line":110,"column":42}},"65":{"start":{"line":111,"column":3},"end":{"line":111,"column":22}},"66":{"start":{"line":112,"column":3},"end":{"line":112,"column":24}},"67":{"start":{"line":114,"column":3},"end":{"line":114,"column":46}},"68":{"start":{"line":116,"column":3},"end":{"line":121,"column":4}},"69":{"start":{"line":117,"column":4},"end":{"line":117,"column":47}},"70":{"start":{"line":118,"column":4},"end":{"line":118,"column":45}},"71":{"start":{"line":119,"column":4},"end":{"line":119,"column":33}},"72":{"start":{"line":119,"column":13},"end":{"line":119,"column":33}},"73":{"start":{"line":120,"column":4},"end":{"line":120,"column":79}},"74":{"start":{"line":120,"column":42},"end":{"line":120,"column":79}},"75":{"start":{"line":123,"column":3},"end":{"line":138,"column":18}},"76":{"start":{"line":124,"column":4},"end":{"line":124,"column":32}},"77":{"start":{"line":124,"column":13},"end":{"line":124,"column":32}},"78":{"start":{"line":126,"column":4},"end":{"line":126,"column":66}},"79":{"start":{"line":128,"column":4},"end":{"line":128,"column":54}},"80":{"start":{"line":130,"column":4},"end":{"line":130,"column":64}},"81":{"start":{"line":132,"column":4},"end":{"line":134,"column":5}},"82":{"start":{"line":133,"column":5},"end":{"line":133,"column":63}},"83":{"start":{"line":136,"column":4},"end":{"line":136,"column":29}},"84":{"start":{"line":141,"column":2},"end":{"line":141,"column":39}},"85":{"start":{"line":144,"column":1},"end":{"line":153,"column":2}},"86":{"start":{"line":145,"column":2},"end":{"line":149,"column":4}},"87":{"start":{"line":151,"column":2},"end":{"line":151,"column":88}},"88":{"start":{"line":152,"column":2},"end":{"line":152,"column":52}},"89":{"start":{"line":155,"column":1},"end":{"line":168,"column":2}},"90":{"start":{"line":156,"column":2},"end":{"line":158,"column":3}},"91":{"start":{"line":157,"column":3},"end":{"line":157,"column":31}},"92":{"start":{"line":160,"column":2},"end":{"line":165,"column":3}},"93":{"start":{"line":161,"column":3},"end":{"line":161,"column":32}},"94":{"start":{"line":161,"column":18},"end":{"line":161,"column":32}},"95":{"start":{"line":162,"column":3},"end":{"line":162,"column":18}},"96":{"start":{"line":162,"column":12},"end":{"line":162,"column":18}},"97":{"start":{"line":164,"column":3},"end":{"line":164,"column":25}},"98":{"start":{"line":167,"column":2},"end":{"line":167,"column":36}},"99":{"start":{"line":170,"column":1},"end":{"line":190,"column":2}},"100":{"start":{"line":171,"column":2},"end":{"line":171,"column":86}},"101":{"start":{"line":171,"column":30},"end":{"line":171,"column":86}},"102":{"start":{"line":171,"column":54},"end":{"line":171,"column":82}},"103":{"start":{"line":172,"column":2},"end":{"line":172,"column":29}},"104":{"start":{"line":174,"column":2},"end":{"line":177,"column":3}},"105":{"start":{"line":175,"column":3},"end":{"line":175,"column":31}},"106":{"start":{"line":176,"column":3},"end":{"line":176,"column":34}},"107":{"start":{"line":179,"column":2},"end":{"line":182,"column":3}},"108":{"start":{"line":180,"column":3},"end":{"line":180,"column":26}},"109":{"start":{"line":181,"column":3},"end":{"line":181,"column":31}},"110":{"start":{"line":183,"column":2},"end":{"line":186,"column":3}},"111":{"start":{"line":184,"column":3},"end":{"line":184,"column":12}},"112":{"start":{"line":185,"column":3},"end":{"line":185,"column":31}},"113":{"start":{"line":188,"column":2},"end":{"line":188,"column":56}},"114":{"start":{"line":192,"column":1},"end":{"line":194,"column":2}},"115":{"start":{"line":193,"column":2},"end":{"line":193,"column":31}},"116":{"start":{"line":196,"column":1},"end":{"line":198,"column":2}},"117":{"start":{"line":197,"column":2},"end":{"line":197,"column":27}},"118":{"start":{"line":200,"column":1},"end":{"line":202,"column":2}},"119":{"start":{"line":201,"column":2},"end":{"line":201,"column":25}},"120":{"start":{"line":204,"column":1},"end":{"line":206,"column":2}},"121":{"start":{"line":205,"column":2},"end":{"line":205,"column":32}},"122":{"start":{"line":208,"column":1},"end":{"line":210,"column":2}},"123":{"start":{"line":209,"column":2},"end":{"line":209,"column":47}},"124":{"start":{"line":212,"column":1},"end":{"line":216,"column":2}},"125":{"start":{"line":213,"column":2},"end":{"line":213,"column":41}},"126":{"start":{"line":215,"column":2},"end":{"line":215,"column":46}},"127":{"start":{"line":218,"column":1},"end":{"line":226,"column":2}},"128":{"start":{"line":219,"column":2},"end":{"line":219,"column":27}},"129":{"start":{"line":221,"column":2},"end":{"line":225,"column":3}},"130":{"start":{"line":222,"column":3},"end":{"line":222,"column":11}},"131":{"start":{"line":224,"column":3},"end":{"line":224,"column":64}},"132":{"start":{"line":228,"column":1},"end":{"line":253,"column":2}},"133":{"start":{"line":229,"column":2},"end":{"line":229,"column":49}},"134":{"start":{"line":229,"column":43},"end":{"line":229,"column":49}},"135":{"start":{"line":231,"column":2},"end":{"line":231,"column":56}},"136":{"start":{"line":232,"column":2},"end":{"line":232,"column":33}},"137":{"start":{"line":233,"column":2},"end":{"line":233,"column":18}},"138":{"start":{"line":234,"column":2},"end":{"line":234,"column":24}},"139":{"start":{"line":235,"column":2},"end":{"line":235,"column":15}},"140":{"start":{"line":237,"column":2},"end":{"line":240,"column":3}},"141":{"start":{"line":238,"column":3},"end":{"line":238,"column":17}},"142":{"start":{"line":239,"column":3},"end":{"line":239,"column":73}},"143":{"start":{"line":242,"column":2},"end":{"line":249,"column":3}},"144":{"start":{"line":243,"column":3},"end":{"line":243,"column":24}},"145":{"start":{"line":244,"column":3},"end":{"line":244,"column":57}},"146":{"start":{"line":246,"column":3},"end":{"line":248,"column":4}},"147":{"start":{"line":247,"column":4},"end":{"line":247,"column":30}},"148":{"start":{"line":251,"column":2},"end":{"line":251,"column":33}},"149":{"start":{"line":255,"column":1},"end":{"line":261,"column":2}},"150":{"start":{"line":256,"column":2},"end":{"line":256,"column":32}},"151":{"start":{"line":258,"column":2},"end":{"line":260,"column":3}},"152":{"start":{"line":259,"column":3},"end":{"line":259,"column":18}},"153":{"start":{"line":263,"column":1},"end":{"line":263,"column":23}},"154":{"start":{"line":265,"column":1},"end":{"line":265,"column":12}},"155":{"start":{"line":269,"column":0},"end":{"line":269,"column":27}}},"branchMap":{"1":{"line":63,"type":"if","locations":[{"start":{"line":63,"column":2},"end":{"line":63,"column":2}},{"start":{"line":63,"column":2},"end":{"line":63,"column":2}}]},"2":{"line":68,"type":"if","locations":[{"start":{"line":68,"column":4},"end":{"line":68,"column":4}},{"start":{"line":68,"column":4},"end":{"line":68,"column":4}}]},"3":{"line":75,"type":"if","locations":[{"start":{"line":75,"column":4},"end":{"line":75,"column":4}},{"start":{"line":75,"column":4},"end":{"line":75,"column":4}}]},"4":{"line":75,"type":"binary-expr","locations":[{"start":{"line":75,"column":8},"end":{"line":75,"column":29}},{"start":{"line":75,"column":33},"end":{"line":75,"column":100}}]},"5":{"line":82,"type":"binary-expr","locations":[{"start":{"line":82,"column":10},"end":{"line":82,"column":16}},{"start":{"line":82,"column":20},"end":{"line":82,"column":26}}]},"6":{"line":86,"type":"if","locations":[{"start":{"line":86,"column":3},"end":{"line":86,"column":3}},{"start":{"line":86,"column":3},"end":{"line":86,"column":3}}]},"7":{"line":101,"type":"if","locations":[{"start":{"line":101,"column":3},"end":{"line":101,"column":3}},{"start":{"line":101,"column":3},"end":{"line":101,"column":3}}]},"8":{"line":108,"type":"cond-expr","locations":[{"start":{"line":108,"column":39},"end":{"line":108,"column":42}},{"start":{"line":108,"column":45},"end":{"line":108,"column":50}}]},"9":{"line":108,"type":"binary-expr","locations":[{"start":{"line":108,"column":9},"end":{"line":108,"column":20}},{"start":{"line":108,"column":24},"end":{"line":108,"column":36}}]},"10":{"line":119,"type":"if","locations":[{"start":{"line":119,"column":4},"end":{"line":119,"column":4}},{"start":{"line":119,"column":4},"end":{"line":119,"column":4}}]},"11":{"line":120,"type":"if","locations":[{"start":{"line":120,"column":4},"end":{"line":120,"column":4}},{"start":{"line":120,"column":4},"end":{"line":120,"column":4}}]},"12":{"line":124,"type":"if","locations":[{"start":{"line":124,"column":4},"end":{"line":124,"column":4}},{"start":{"line":124,"column":4},"end":{"line":124,"column":4}}]},"13":{"line":132,"type":"if","locations":[{"start":{"line":132,"column":4},"end":{"line":132,"column":4}},{"start":{"line":132,"column":4},"end":{"line":132,"column":4}}]},"14":{"line":146,"type":"binary-expr","locations":[{"start":{"line":146,"column":21},"end":{"line":146,"column":37}},{"start":{"line":146,"column":41},"end":{"line":146,"column":70}}]},"15":{"line":151,"type":"binary-expr","locations":[{"start":{"line":151,"column":38},"end":{"line":151,"column":60}},{"start":{"line":151,"column":64},"end":{"line":151,"column":88}}]},"16":{"line":152,"type":"binary-expr","locations":[{"start":{"line":152,"column":28},"end":{"line":152,"column":43}},{"start":{"line":152,"column":47},"end":{"line":152,"column":52}}]},"17":{"line":156,"type":"if","locations":[{"start":{"line":156,"column":2},"end":{"line":156,"column":2}},{"start":{"line":156,"column":2},"end":{"line":156,"column":2}}]},"18":{"line":157,"type":"cond-expr","locations":[{"start":{"line":157,"column":15},"end":{"line":157,"column":19}},{"start":{"line":157,"column":22},"end":{"line":157,"column":31}}]},"19":{"line":161,"type":"if","locations":[{"start":{"line":161,"column":3},"end":{"line":161,"column":3}},{"start":{"line":161,"column":3},"end":{"line":161,"column":3}}]},"20":{"line":161,"type":"binary-expr","locations":[{"start":{"line":161,"column":7},"end":{"line":161,"column":10}},{"start":{"line":161,"column":14},"end":{"line":161,"column":16}}]},"21":{"line":162,"type":"if","locations":[{"start":{"line":162,"column":3},"end":{"line":162,"column":3}},{"start":{"line":162,"column":3},"end":{"line":162,"column":3}}]},"22":{"line":171,"type":"if","locations":[{"start":{"line":171,"column":2},"end":{"line":171,"column":2}},{"start":{"line":171,"column":2},"end":{"line":171,"column":2}}]},"23":{"line":174,"type":"if","locations":[{"start":{"line":174,"column":2},"end":{"line":174,"column":2}},{"start":{"line":174,"column":2},"end":{"line":174,"column":2}}]},"24":{"line":229,"type":"if","locations":[{"start":{"line":229,"column":2},"end":{"line":229,"column":2}},{"start":{"line":229,"column":2},"end":{"line":229,"column":2}}]},"25":{"line":229,"type":"binary-expr","locations":[{"start":{"line":229,"column":7},"end":{"line":229,"column":14}},{"start":{"line":229,"column":18},"end":{"line":229,"column":40}}]},"26":{"line":246,"type":"if","locations":[{"start":{"line":246,"column":3},"end":{"line":246,"column":3}},{"start":{"line":246,"column":3},"end":{"line":246,"column":3}}]},"27":{"line":258,"type":"if","locations":[{"start":{"line":258,"column":2},"end":{"line":258,"column":2}},{"start":{"line":258,"column":2},"end":{"line":258,"column":2}}]}}}}