TN:
SF:/converter/custom_modules/pdf2images-multiple/index.js
FN:7,range
FN:20,PDF2Images
FN:26,(anonymous_3)
FN:48,(anonymous_4)
FN:64,(anonymous_5)
FN:85,(anonymous_6)
FN:90,pdf_exists
FN:98,convert
FN:135,(anonymous_9)
FN:139,(anonymous_10)
FN:182,(anonymous_11)
FN:193,(anonymous_12)
FN:208,(anonymous_13)
FN:230,(anonymous_14)
FN:234,(anonymous_15)
FN:238,(anonymous_16)
FN:242,(anonymous_17)
FN:246,(anonymous_18)
FN:250,(anonymous_19)
FN:256,(anonymous_20)
FN:266,(anonymous_21)
FN:293,(anonymous_22)
FNF:22
FNH:22
FNDA:12,range
FNDA:7,PDF2Images
FNDA:7,(anonymous_3)
FNDA:55,(anonymous_4)
FNDA:40,(anonymous_5)
FNDA:15,(anonymous_6)
FNDA:14,pdf_exists
FNDA:12,convert
FNDA:3,(anonymous_9)
FNDA:13,(anonymous_10)
FNDA:7,(anonymous_11)
FNDA:12,(anonymous_12)
FNDA:82,(anonymous_13)
FNDA:1,(anonymous_14)
FNDA:8,(anonymous_15)
FNDA:1,(anonymous_16)
FNDA:8,(anonymous_17)
FNDA:39,(anonymous_18)
FNDA:39,(anonymous_19)
FNDA:12,(anonymous_20)
FNDA:40,(anonymous_21)
FNDA:78,(anonymous_22)
DA:1,1
DA:2,1
DA:3,1
DA:4,1
DA:5,1
DA:7,1
DA:8,12
DA:11,12
DA:12,39
DA:14,39
DA:17,12
DA:20,1
DA:22,7
DA:23,7
DA:24,7
DA:26,7
DA:27,7
DA:28,7
DA:30,7
DA:32,7
DA:34,7
DA:35,7
DA:37,7
DA:39,7
DA:40,7
DA:41,7
DA:43,7
DA:45,7
DA:48,7
DA:49,55
DA:51,6
DA:53,6
DA:54,6
DA:55,1
DA:56,1
DA:59,5
DA:60,5
DA:64,7
DA:65,40
DA:66,40
DA:68,40
DA:69,39
DA:71,39
DA:74,40
DA:75,1
DA:78,40
DA:79,40
DA:81,39
DA:85,7
DA:86,15
DA:88,15
DA:90,1
DA:91,14
DA:92,14
DA:94,12
DA:98,1
DA:99,12
DA:100,12
DA:101,12
DA:102,40
DA:103,1
DA:104,1
DA:107,39
DA:109,39
DA:110,11
DA:111,11
DA:115,12
DA:117,12
DA:118,40
DA:119,40
DA:121,40
DA:123,39
DA:127,14
DA:131,14
DA:135,7
DA:136,3
DA:139,7
DA:140,13
DA:141,13
DA:142,1
DA:145,12
DA:147,12
DA:148,12
DA:150,12
DA:151,12
DA:152,12
DA:154,12
DA:156,12
DA:157,14
DA:158,13
DA:161,12
DA:162,39
DA:164,39
DA:166,39
DA:168,39
DA:170,39
DA:171,8
DA:174,39
DA:179,13
DA:182,7
DA:183,7
DA:189,7
DA:190,7
DA:193,7
DA:194,12
DA:195,4
DA:198,8
DA:199,8
DA:200,7
DA:202,6
DA:205,8
DA:208,7
DA:209,82
DA:210,22
DA:212,22
DA:213,13
DA:214,13
DA:217,9
DA:218,6
DA:219,6
DA:221,9
DA:222,3
DA:223,3
DA:226,9
DA:230,7
DA:231,1
DA:234,7
DA:235,8
DA:238,7
DA:239,1
DA:242,7
DA:243,8
DA:246,7
DA:247,39
DA:250,7
DA:251,39
DA:253,39
DA:256,7
DA:257,12
DA:259,12
DA:260,39
DA:262,39
DA:266,7
DA:267,40
DA:269,39
DA:270,39
DA:271,39
DA:272,39
DA:273,39
DA:275,39
DA:276,39
DA:277,39
DA:280,39
DA:281,237
DA:282,237
DA:284,237
DA:285,198
DA:289,39
DA:293,7
DA:294,78
DA:296,78
DA:297,78
DA:301,7
DA:303,7
DA:307,1
LF:165
LH:165
BRDA:35,1,0,7
BRDA:35,1,1,1
BRDA:49,2,0,49
BRDA:49,2,1,6
BRDA:54,3,0,1
BRDA:54,3,1,5
BRDA:79,4,0,1
BRDA:79,4,1,39
BRDA:88,5,0,1
BRDA:88,5,1,14
BRDA:92,6,0,2
BRDA:92,6,1,12
BRDA:102,7,0,1
BRDA:102,7,1,39
BRDA:109,8,0,11
BRDA:109,8,1,28
BRDA:109,9,0,39
BRDA:109,9,1,31
BRDA:121,10,0,1
BRDA:121,10,1,39
BRDA:131,11,0,2
BRDA:131,11,1,12
BRDA:141,12,0,1
BRDA:141,12,1,12
BRDA:148,13,0,10
BRDA:148,13,1,2
BRDA:148,14,0,12
BRDA:148,14,1,10
BRDA:157,15,0,1
BRDA:157,15,1,13
BRDA:158,16,0,5
BRDA:158,16,1,8
BRDA:162,17,0,0
BRDA:162,17,1,39
BRDA:170,18,0,8
BRDA:170,18,1,31
BRDA:184,19,0,7
BRDA:184,19,1,7
BRDA:189,20,0,7
BRDA:189,20,1,7
BRDA:190,21,0,7
BRDA:190,21,1,7
BRDA:194,22,0,4
BRDA:194,22,1,8
BRDA:195,23,0,2
BRDA:195,23,1,2
BRDA:199,24,0,1
BRDA:199,24,1,7
BRDA:199,25,0,8
BRDA:199,25,1,2
BRDA:200,26,0,1
BRDA:200,26,1,6
BRDA:209,27,0,60
BRDA:209,27,1,22
BRDA:212,28,0,13
BRDA:212,28,1,9
BRDA:267,29,0,1
BRDA:267,29,1,39
BRDA:267,30,0,40
BRDA:267,30,1,40
BRDA:284,31,0,198
BRDA:284,31,1,39
BRDA:296,32,0,78
BRDA:296,32,1,0
BRF:64
BRH:62
end_of_record
