TN:
SF:/converter/custom_modules/pdf2images-multiple/index.js
FN:4,range
FN:17,PDF2Images
FN:23,(anonymous_3)
FN:43,(anonymous_4)
FN:60,(anonymous_5)
FN:95,(anonymous_6)
FN:99,(anonymous_7)
FN:144,(anonymous_8)
FN:155,(anonymous_9)
FN:170,(anonymous_10)
FN:192,(anonymous_11)
FN:196,(anonymous_12)
FN:200,(anonymous_13)
FN:204,(anonymous_14)
FN:208,(anonymous_15)
FN:212,(anonymous_16)
FN:218,(anonymous_17)
FN:228,(anonymous_18)
FN:255,(anonymous_19)
FNF:19
FNH:19
FNDA:11,range
FNDA:5,PDF2Images
FNDA:5,(anonymous_3)
FNDA:27,(anonymous_4)
FNDA:13,(anonymous_5)
FNDA:2,(anonymous_6)
FNDA:12,(anonymous_7)
FNDA:5,(anonymous_8)
FNDA:8,(anonymous_9)
FNDA:77,(anonymous_10)
FNDA:1,(anonymous_11)
FNDA:6,(anonymous_12)
FNDA:1,(anonymous_13)
FNDA:6,(anonymous_14)
FNDA:26,(anonymous_15)
FNDA:26,(anonymous_16)
FNDA:11,(anonymous_17)
FNDA:27,(anonymous_18)
FNDA:52,(anonymous_19)
DA:1,1
DA:2,1
DA:4,1
DA:5,11
DA:8,11
DA:9,26
DA:11,26
DA:14,11
DA:17,1
DA:19,5
DA:20,5
DA:21,5
DA:23,5
DA:24,5
DA:25,5
DA:27,5
DA:29,5
DA:30,5
DA:32,5
DA:34,5
DA:35,5
DA:36,5
DA:38,5
DA:40,5
DA:43,5
DA:44,27
DA:45,27
DA:47,27
DA:48,26
DA:50,26
DA:53,27
DA:54,1
DA:57,27
DA:60,5
DA:61,13
DA:63,13
DA:65,12
DA:66,12
DA:67,12
DA:68,28
DA:69,2
DA:70,2
DA:73,26
DA:75,26
DA:76,10
DA:80,12
DA:82,12
DA:83,28
DA:84,28
DA:86,28
DA:87,1
DA:88,1
DA:91,27
DA:95,5
DA:96,2
DA:99,5
DA:100,12
DA:101,12
DA:102,1
DA:105,11
DA:107,11
DA:108,11
DA:110,11
DA:111,11
DA:112,11
DA:114,11
DA:116,11
DA:117,13
DA:118,13
DA:119,13
DA:120,12
DA:123,11
DA:124,26
DA:126,26
DA:128,26
DA:130,26
DA:132,26
DA:133,8
DA:136,26
DA:141,12
DA:144,5
DA:145,5
DA:151,5
DA:152,5
DA:155,5
DA:156,8
DA:157,2
DA:160,6
DA:161,6
DA:162,5
DA:164,4
DA:167,6
DA:170,5
DA:171,77
DA:172,19
DA:174,19
DA:175,12
DA:176,12
DA:179,7
DA:180,4
DA:181,4
DA:183,7
DA:184,3
DA:185,3
DA:188,7
DA:192,5
DA:193,1
DA:196,5
DA:197,6
DA:200,5
DA:201,1
DA:204,5
DA:205,6
DA:208,5
DA:209,26
DA:212,5
DA:213,26
DA:215,26
DA:218,5
DA:219,11
DA:221,11
DA:222,26
DA:224,26
DA:228,5
DA:229,27
DA:231,26
DA:232,26
DA:233,26
DA:234,26
DA:235,26
DA:237,26
DA:238,26
DA:239,26
DA:242,26
DA:243,146
DA:244,146
DA:246,146
DA:247,120
DA:251,26
DA:255,5
DA:256,52
DA:258,52
DA:259,52
DA:263,5
DA:265,5
DA:269,1
LF:146
LH:146
BRDA:63,1,0,1
BRDA:63,1,1,12
BRDA:68,2,0,2
BRDA:68,2,1,26
BRDA:75,3,0,10
BRDA:75,3,1,16
BRDA:75,4,0,26
BRDA:75,4,1,18
BRDA:82,5,0,39
BRDA:82,5,1,39
BRDA:86,6,0,1
BRDA:86,6,1,27
BRDA:101,7,0,1
BRDA:101,7,1,11
BRDA:108,8,0,10
BRDA:108,8,1,1
BRDA:108,9,0,11
BRDA:108,9,1,10
BRDA:119,10,0,1
BRDA:119,10,1,12
BRDA:120,11,0,4
BRDA:120,11,1,8
BRDA:124,12,0,0
BRDA:124,12,1,26
BRDA:132,13,0,8
BRDA:132,13,1,18
BRDA:146,14,0,5
BRDA:146,14,1,5
BRDA:151,15,0,5
BRDA:151,15,1,5
BRDA:152,16,0,5
BRDA:152,16,1,5
BRDA:156,17,0,2
BRDA:156,17,1,6
BRDA:157,18,0,1
BRDA:157,18,1,1
BRDA:161,19,0,1
BRDA:161,19,1,5
BRDA:161,20,0,6
BRDA:161,20,1,2
BRDA:162,21,0,1
BRDA:162,21,1,4
BRDA:171,22,0,58
BRDA:171,22,1,19
BRDA:174,23,0,12
BRDA:174,23,1,7
BRDA:229,24,0,1
BRDA:229,24,1,26
BRDA:229,25,0,27
BRDA:229,25,1,27
BRDA:246,26,0,120
BRDA:246,26,1,26
BRDA:258,27,0,52
BRDA:258,27,1,0
BRF:54
BRH:52
end_of_record
